20:09:34.183 [Worker-89] INFO  o.a.AndroidAnnotationProcessor:83 - Initialize AndroidAnnotations 3.3.2 with options {phase=BUILD}
20:09:34.184 [Worker-89] INFO  o.a.AndroidAnnotationProcessor:107 - Start processing for 3 annotations on 5 elements
20:09:34.185 [Worker-89] DEBUG o.a.h.AndroidManifestFinder:137 - AndroidManifest.xml file found in parent folder E:\Test\MobileSafe: E:\Test\MobileSafe\AndroidManifest.xml
20:09:34.187 [Worker-89] INFO  o.a.AndroidAnnotationProcessor:170 - AndroidManifest.xml found: AndroidManifest [applicationPackage=com.phy.mobilesafe, componentQualifiedNames=[com.phy.mobilesafe.activity.SplashActivity_, com.phy.mobilesafe.activity.HomeActivity_], permissionQualifiedNames=[android.permission.INTERNET], applicationClassName=null, libraryProject=false, debugabble=false, minSdkVersion=14, maxSdkVersion=-1, targetSdkVersion=17]
20:09:34.188 [Worker-89] INFO  o.a.r.ProjectRClassFinder:50 - Found project R class: com.phy.mobilesafe.R
20:09:34.188 [Worker-89] INFO  o.a.r.AndroidRClassFinder:44 - Found Android class: android.R
20:09:34.192 [Worker-89] INFO  o.a.p.ModelValidator:42 - Validating elements
20:09:34.193 [Worker-89] DEBUG o.a.p.ModelValidator:62 - Validating with EActivityHandler: [com.phy.mobilesafe.activity.SplashActivity, com.phy.mobilesafe.activity.HomeActivity]
20:09:34.194 [Worker-89] DEBUG o.a.p.ModelValidator:62 - Validating with ViewByIdHandler: [tvVersion]
20:09:34.196 [Worker-89] DEBUG o.a.p.ModelValidator:62 - Validating with AfterViewsHandler: [void ShowAndCheckVersion() ]
20:09:34.197 [Worker-89] INFO  o.a.p.ModelProcessor:74 - Processing root elements
20:09:34.197 [Worker-89] DEBUG o.a.p.ModelProcessor:176 - Processing root elements EActivityHandler: [com.phy.mobilesafe.activity.SplashActivity, com.phy.mobilesafe.activity.HomeActivity]
20:09:34.206 [Worker-89] INFO  o.a.p.ModelProcessor:86 - Processing enclosed elements
20:09:34.207 [Worker-89] INFO  o.a.AndroidAnnotationProcessor:249 - Number of files generated by AndroidAnnotations: 2
20:09:34.208 [Worker-89] INFO  o.a.g.ApiCodeGenerator:52 - Writting following API classes in project: []
20:09:34.209 [Worker-89] DEBUG o.a.g.SourceCodewriter:55 - Generating class: com.phy.mobilesafe.activity.HomeActivity_
20:09:34.213 [Worker-89] DEBUG o.a.g.SourceCodewriter:55 - Generating class: com.phy.mobilesafe.activity.SplashActivity_
20:09:34.215 [Worker-89] INFO  o.a.p.TimeStats:81 - Time measurements: [Whole Processing = 31 ms], [Process Annotations = 11 ms], [Generate Sources = 8 ms], [Find R Classes = 4 ms], [Validate Annotations = 4 ms], [Extract Manifest = 2 ms], [Extract Annotations = 0 ms], 
20:09:34.216 [Worker-89] INFO  o.a.AndroidAnnotationProcessor:121 - Finish processing
20:10:04.579 [Worker-87] INFO  o.a.AndroidAnnotationProcessor:83 - Initialize AndroidAnnotations 3.3.2 with options {phase=BUILD}
20:10:34.962 [Worker-90] INFO  o.a.AndroidAnnotationProcessor:83 - Initialize AndroidAnnotations 3.3.2 with options {phase=BUILD}
20:10:34.964 [Worker-90] INFO  o.a.AndroidAnnotationProcessor:107 - Start processing for 3 annotations on 1 elements
20:10:34.964 [Worker-90] DEBUG o.a.h.AndroidManifestFinder:137 - AndroidManifest.xml file found in parent folder E:\Test\MobileSafe: E:\Test\MobileSafe\AndroidManifest.xml
20:10:34.966 [Worker-90] INFO  o.a.AndroidAnnotationProcessor:170 - AndroidManifest.xml found: AndroidManifest [applicationPackage=com.phy.mobilesafe, componentQualifiedNames=[com.phy.mobilesafe.activity.SplashActivity_, com.phy.mobilesafe.activity.HomeActivity_], permissionQualifiedNames=[android.permission.INTERNET], applicationClassName=null, libraryProject=false, debugabble=false, minSdkVersion=14, maxSdkVersion=-1, targetSdkVersion=17]
20:10:34.967 [Worker-90] INFO  o.a.r.ProjectRClassFinder:50 - Found project R class: com.phy.mobilesafe.R
20:10:34.968 [Worker-90] INFO  o.a.r.AndroidRClassFinder:44 - Found Android class: android.R
20:10:34.972 [Worker-90] INFO  o.a.p.ModelValidator:42 - Validating elements
20:10:34.973 [Worker-90] DEBUG o.a.p.ModelValidator:62 - Validating with EActivityHandler: [com.phy.mobilesafe.activity.SplashActivity]
20:10:34.974 [Worker-90] DEBUG o.a.p.ModelValidator:62 - Validating with ViewByIdHandler: [tvVersion]
20:10:34.975 [Worker-90] DEBUG o.a.p.ModelValidator:62 - Validating with AfterViewsHandler: [void ShowAndCheckVersion() ]
20:10:34.976 [Worker-90] INFO  o.a.p.ModelProcessor:74 - Processing root elements
20:10:34.976 [Worker-90] DEBUG o.a.p.ModelProcessor:176 - Processing root elements EActivityHandler: [com.phy.mobilesafe.activity.SplashActivity]
20:10:34.985 [Worker-90] INFO  o.a.p.ModelProcessor:86 - Processing enclosed elements
20:10:34.986 [Worker-90] INFO  o.a.AndroidAnnotationProcessor:249 - Number of files generated by AndroidAnnotations: 1
20:10:34.986 [Worker-90] INFO  o.a.g.ApiCodeGenerator:52 - Writting following API classes in project: []
20:10:34.987 [Worker-90] DEBUG o.a.g.SourceCodewriter:55 - Generating class: com.phy.mobilesafe.activity.SplashActivity_
20:10:34.990 [Worker-90] INFO  o.a.p.TimeStats:81 - Time measurements: [Whole Processing = 26 ms], [Process Annotations = 10 ms], [Find R Classes = 5 ms], [Validate Annotations = 4 ms], [Generate Sources = 4 ms], [Extract Manifest = 2 ms], [Extract Annotations = 0 ms], 
20:10:34.991 [Worker-90] INFO  o.a.AndroidAnnotationProcessor:121 - Finish processing
20:11:07.974 [Worker-86] INFO  o.a.AndroidAnnotationProcessor:83 - Initialize AndroidAnnotations 3.3.2 with options {phase=BUILD}
20:11:07.975 [Worker-86] INFO  o.a.AndroidAnnotationProcessor:107 - Start processing for 3 annotations on 1 elements
20:11:07.976 [Worker-86] DEBUG o.a.h.AndroidManifestFinder:137 - AndroidManifest.xml file found in parent folder E:\Test\MobileSafe: E:\Test\MobileSafe\AndroidManifest.xml
20:11:07.977 [Worker-86] INFO  o.a.AndroidAnnotationProcessor:170 - AndroidManifest.xml found: AndroidManifest [applicationPackage=com.phy.mobilesafe, componentQualifiedNames=[com.phy.mobilesafe.activity.SplashActivity_, com.phy.mobilesafe.activity.HomeActivity_], permissionQualifiedNames=[android.permission.INTERNET], applicationClassName=null, libraryProject=false, debugabble=false, minSdkVersion=14, maxSdkVersion=-1, targetSdkVersion=17]
20:11:07.979 [Worker-86] INFO  o.a.r.ProjectRClassFinder:50 - Found project R class: com.phy.mobilesafe.R
20:11:07.980 [Worker-86] INFO  o.a.r.AndroidRClassFinder:44 - Found Android class: android.R
20:11:07.984 [Worker-86] INFO  o.a.p.ModelValidator:42 - Validating elements
20:11:07.985 [Worker-86] DEBUG o.a.p.ModelValidator:62 - Validating with EActivityHandler: [com.phy.mobilesafe.activity.SplashActivity]
20:11:07.986 [Worker-86] DEBUG o.a.p.ModelValidator:62 - Validating with ViewByIdHandler: [tvVersion]
20:11:07.987 [Worker-86] DEBUG o.a.p.ModelValidator:62 - Validating with AfterViewsHandler: [void ShowAndCheckVersion() ]
20:11:07.988 [Worker-86] INFO  o.a.p.ModelProcessor:74 - Processing root elements
20:11:07.989 [Worker-86] DEBUG o.a.p.ModelProcessor:176 - Processing root elements EActivityHandler: [com.phy.mobilesafe.activity.SplashActivity]
20:11:07.998 [Worker-86] INFO  o.a.p.ModelProcessor:86 - Processing enclosed elements
20:11:07.999 [Worker-86] INFO  o.a.AndroidAnnotationProcessor:249 - Number of files generated by AndroidAnnotations: 1
20:11:07.999 [Worker-86] INFO  o.a.g.ApiCodeGenerator:52 - Writting following API classes in project: []
20:11:08.0 [Worker-86] DEBUG o.a.g.SourceCodewriter:55 - Generating class: com.phy.mobilesafe.activity.SplashActivity_
20:11:08.2 [Worker-86] INFO  o.a.p.TimeStats:81 - Time measurements: [Whole Processing = 27 ms], [Process Annotations = 11 ms], [Find R Classes = 5 ms], [Validate Annotations = 4 ms], [Generate Sources = 3 ms], [Extract Manifest = 1 ms], [Extract Annotations = 0 ms], 
20:11:08.2 [Worker-86] INFO  o.a.AndroidAnnotationProcessor:121 - Finish processing
20:12:12.513 [Worker-91] INFO  o.a.AndroidAnnotationProcessor:83 - Initialize AndroidAnnotations 3.3.2 with options {phase=BUILD}
20:12:12.515 [Worker-91] INFO  o.a.AndroidAnnotationProcessor:107 - Start processing for 3 annotations on 1 elements
20:12:12.516 [Worker-91] DEBUG o.a.h.AndroidManifestFinder:137 - AndroidManifest.xml file found in parent folder E:\Test\MobileSafe: E:\Test\MobileSafe\AndroidManifest.xml
20:12:12.518 [Worker-91] INFO  o.a.AndroidAnnotationProcessor:170 - AndroidManifest.xml found: AndroidManifest [applicationPackage=com.phy.mobilesafe, componentQualifiedNames=[com.phy.mobilesafe.activity.SplashActivity_, com.phy.mobilesafe.activity.HomeActivity_], permissionQualifiedNames=[android.permission.INTERNET], applicationClassName=null, libraryProject=false, debugabble=false, minSdkVersion=14, maxSdkVersion=-1, targetSdkVersion=17]
20:12:12.518 [Worker-91] INFO  o.a.r.ProjectRClassFinder:50 - Found project R class: com.phy.mobilesafe.R
20:12:12.520 [Worker-91] INFO  o.a.r.AndroidRClassFinder:44 - Found Android class: android.R
20:12:12.523 [Worker-91] INFO  o.a.p.ModelValidator:42 - Validating elements
20:12:12.524 [Worker-91] DEBUG o.a.p.ModelValidator:62 - Validating with EActivityHandler: [com.phy.mobilesafe.activity.SplashActivity]
20:12:12.525 [Worker-91] DEBUG o.a.p.ModelValidator:62 - Validating with ViewByIdHandler: [tvVersion]
20:12:12.526 [Worker-91] DEBUG o.a.p.ModelValidator:62 - Validating with AfterViewsHandler: [void ShowAndCheckVersion() ]
20:12:12.527 [Worker-91] INFO  o.a.p.ModelProcessor:74 - Processing root elements
20:12:12.527 [Worker-91] DEBUG o.a.p.ModelProcessor:176 - Processing root elements EActivityHandler: [com.phy.mobilesafe.activity.SplashActivity]
20:12:12.537 [Worker-91] INFO  o.a.p.ModelProcessor:86 - Processing enclosed elements
20:12:12.538 [Worker-91] INFO  o.a.AndroidAnnotationProcessor:249 - Number of files generated by AndroidAnnotations: 1
20:12:12.538 [Worker-91] INFO  o.a.g.ApiCodeGenerator:52 - Writting following API classes in project: []
20:12:12.539 [Worker-91] DEBUG o.a.g.SourceCodewriter:55 - Generating class: com.phy.mobilesafe.activity.SplashActivity_
20:12:12.541 [Worker-91] INFO  o.a.p.TimeStats:81 - Time measurements: [Whole Processing = 26 ms], [Process Annotations = 12 ms], [Find R Classes = 5 ms], [Validate Annotations = 3 ms], [Generate Sources = 3 ms], [Extract Manifest = 2 ms], [Extract Annotations = 0 ms], 
20:12:12.541 [Worker-91] INFO  o.a.AndroidAnnotationProcessor:121 - Finish processing
20:13:34.882 [Worker-90] INFO  o.a.AndroidAnnotationProcessor:83 - Initialize AndroidAnnotations 3.3.2 with options {phase=BUILD}
20:13:34.884 [Worker-90] INFO  o.a.AndroidAnnotationProcessor:107 - Start processing for 3 annotations on 5 elements
20:13:34.885 [Worker-90] DEBUG o.a.h.AndroidManifestFinder:137 - AndroidManifest.xml file found in parent folder E:\Test\MobileSafe: E:\Test\MobileSafe\AndroidManifest.xml
20:13:34.887 [Worker-90] INFO  o.a.AndroidAnnotationProcessor:170 - AndroidManifest.xml found: AndroidManifest [applicationPackage=com.phy.mobilesafe, componentQualifiedNames=[com.phy.mobilesafe.activity.SplashActivity_, com.phy.mobilesafe.activity.HomeActivity_], permissionQualifiedNames=[android.permission.INTERNET], applicationClassName=null, libraryProject=false, debugabble=false, minSdkVersion=14, maxSdkVersion=-1, targetSdkVersion=17]
20:13:34.887 [Worker-90] INFO  o.a.r.ProjectRClassFinder:50 - Found project R class: com.phy.mobilesafe.R
20:13:34.888 [Worker-90] INFO  o.a.r.AndroidRClassFinder:44 - Found Android class: android.R
20:13:34.892 [Worker-90] INFO  o.a.p.ModelValidator:42 - Validating elements
20:13:34.893 [Worker-90] DEBUG o.a.p.ModelValidator:62 - Validating with EActivityHandler: [com.phy.mobilesafe.activity.SplashActivity, com.phy.mobilesafe.activity.HomeActivity]
20:13:34.893 [Worker-90] DEBUG o.a.p.ModelValidator:62 - Validating with ViewByIdHandler: [tvVersion]
20:13:34.894 [Worker-90] DEBUG o.a.p.ModelValidator:62 - Validating with AfterViewsHandler: [void ShowAndCheckVersion() ]
20:13:34.895 [Worker-90] INFO  o.a.p.ModelProcessor:74 - Processing root elements
20:13:34.895 [Worker-90] DEBUG o.a.p.ModelProcessor:176 - Processing root elements EActivityHandler: [com.phy.mobilesafe.activity.SplashActivity, com.phy.mobilesafe.activity.HomeActivity]
20:13:34.904 [Worker-90] INFO  o.a.p.ModelProcessor:86 - Processing enclosed elements
20:13:34.905 [Worker-90] INFO  o.a.AndroidAnnotationProcessor:249 - Number of files generated by AndroidAnnotations: 2
20:13:34.905 [Worker-90] INFO  o.a.g.ApiCodeGenerator:52 - Writting following API classes in project: []
20:13:34.906 [Worker-90] DEBUG o.a.g.SourceCodewriter:55 - Generating class: com.phy.mobilesafe.activity.HomeActivity_
20:13:34.911 [Worker-90] DEBUG o.a.g.SourceCodewriter:55 - Generating class: com.phy.mobilesafe.activity.SplashActivity_
20:13:34.916 [Worker-90] INFO  o.a.p.TimeStats:81 - Time measurements: [Whole Processing = 32 ms], [Generate Sources = 11 ms], [Process Annotations = 10 ms], [Find R Classes = 5 ms], [Validate Annotations = 3 ms], [Extract Manifest = 2 ms], [Extract Annotations = 0 ms], 
20:13:34.917 [Worker-90] INFO  o.a.AndroidAnnotationProcessor:121 - Finish processing
20:17:00.479 [Worker-93] INFO  o.a.AndroidAnnotationProcessor:83 - Initialize AndroidAnnotations 3.3.2 with options {phase=BUILD}
20:17:04.159 [Worker-95] INFO  o.a.AndroidAnnotationProcessor:83 - Initialize AndroidAnnotations 3.3.2 with options {phase=BUILD}
20:17:04.160 [Worker-95] INFO  o.a.AndroidAnnotationProcessor:107 - Start processing for 3 annotations on 2 elements
20:17:04.162 [Worker-95] DEBUG o.a.h.AndroidManifestFinder:137 - AndroidManifest.xml file found in parent folder E:\Test\MobileSafe: E:\Test\MobileSafe\AndroidManifest.xml
20:17:04.164 [Worker-95] INFO  o.a.AndroidAnnotationProcessor:170 - AndroidManifest.xml found: AndroidManifest [applicationPackage=com.phy.mobilesafe, componentQualifiedNames=[com.phy.mobilesafe.activity.SplashActivity_, com.phy.mobilesafe.activity.HomeActivity_], permissionQualifiedNames=[android.permission.INTERNET], applicationClassName=null, libraryProject=false, debugabble=false, minSdkVersion=14, maxSdkVersion=-1, targetSdkVersion=17]
20:17:04.164 [Worker-95] INFO  o.a.r.ProjectRClassFinder:50 - Found project R class: com.phy.mobilesafe.R
20:17:04.165 [Worker-95] INFO  o.a.r.AndroidRClassFinder:44 - Found Android class: android.R
20:17:04.181 [Worker-95] INFO  o.a.p.ModelValidator:42 - Validating elements
20:17:04.183 [Worker-95] DEBUG o.a.p.ModelValidator:62 - Validating with EActivityHandler: [com.phy.mobilesafe.activity.SplashActivity]
20:17:04.183 [Worker-95] DEBUG o.a.p.ModelValidator:62 - Validating with ViewByIdHandler: [tvVersion]
20:17:04.184 [Worker-95] DEBUG o.a.p.ModelValidator:62 - Validating with AfterViewsHandler: [void ShowAndCheckVersion() ]
20:17:04.185 [Worker-95] INFO  o.a.p.ModelProcessor:74 - Processing root elements
20:17:04.185 [Worker-95] DEBUG o.a.p.ModelProcessor:176 - Processing root elements EActivityHandler: [com.phy.mobilesafe.activity.SplashActivity]
20:17:04.193 [Worker-95] INFO  o.a.p.ModelProcessor:86 - Processing enclosed elements
20:17:04.194 [Worker-95] INFO  o.a.AndroidAnnotationProcessor:249 - Number of files generated by AndroidAnnotations: 1
20:17:04.195 [Worker-95] INFO  o.a.g.ApiCodeGenerator:52 - Writting following API classes in project: []
20:17:04.195 [Worker-95] DEBUG o.a.g.SourceCodewriter:55 - Generating class: com.phy.mobilesafe.activity.SplashActivity_
20:17:04.197 [Worker-95] INFO  o.a.p.TimeStats:81 - Time measurements: [Whole Processing = 37 ms], [Find R Classes = 17 ms], [Process Annotations = 9 ms], [Validate Annotations = 4 ms], [Extract Manifest = 3 ms], [Generate Sources = 3 ms], [Extract Annotations = 0 ms], 
20:17:04.198 [Worker-95] INFO  o.a.AndroidAnnotationProcessor:121 - Finish processing
20:17:16.862 [Worker-93] INFO  o.a.AndroidAnnotationProcessor:83 - Initialize AndroidAnnotations 3.3.2 with options {phase=BUILD}
20:17:16.863 [Worker-93] INFO  o.a.AndroidAnnotationProcessor:107 - Start processing for 3 annotations on 2 elements
20:17:16.864 [Worker-93] DEBUG o.a.h.AndroidManifestFinder:137 - AndroidManifest.xml file found in parent folder E:\Test\MobileSafe: E:\Test\MobileSafe\AndroidManifest.xml
20:17:16.866 [Worker-93] INFO  o.a.AndroidAnnotationProcessor:170 - AndroidManifest.xml found: AndroidManifest [applicationPackage=com.phy.mobilesafe, componentQualifiedNames=[com.phy.mobilesafe.activity.SplashActivity_, com.phy.mobilesafe.activity.HomeActivity_], permissionQualifiedNames=[android.permission.INTERNET], applicationClassName=null, libraryProject=false, debugabble=false, minSdkVersion=14, maxSdkVersion=-1, targetSdkVersion=17]
20:17:16.867 [Worker-93] INFO  o.a.r.ProjectRClassFinder:50 - Found project R class: com.phy.mobilesafe.R
20:17:16.867 [Worker-93] INFO  o.a.r.AndroidRClassFinder:44 - Found Android class: android.R
20:17:16.871 [Worker-93] INFO  o.a.p.ModelValidator:42 - Validating elements
20:17:16.871 [Worker-93] DEBUG o.a.p.ModelValidator:62 - Validating with EActivityHandler: [com.phy.mobilesafe.activity.SplashActivity]
20:17:16.872 [Worker-93] DEBUG o.a.p.ModelValidator:62 - Validating with ViewByIdHandler: [tvVersion]
20:17:16.873 [Worker-93] DEBUG o.a.p.ModelValidator:62 - Validating with AfterViewsHandler: [void ShowAndCheckVersion() ]
20:17:16.874 [Worker-93] INFO  o.a.p.ModelProcessor:74 - Processing root elements
20:17:16.875 [Worker-93] DEBUG o.a.p.ModelProcessor:176 - Processing root elements EActivityHandler: [com.phy.mobilesafe.activity.SplashActivity]
20:17:16.882 [Worker-93] INFO  o.a.p.ModelProcessor:86 - Processing enclosed elements
20:17:16.883 [Worker-93] INFO  o.a.AndroidAnnotationProcessor:249 - Number of files generated by AndroidAnnotations: 1
20:17:16.884 [Worker-93] INFO  o.a.g.ApiCodeGenerator:52 - Writting following API classes in project: []
20:17:16.885 [Worker-93] DEBUG o.a.g.SourceCodewriter:55 - Generating class: com.phy.mobilesafe.activity.SplashActivity_
20:17:16.886 [Worker-93] INFO  o.a.p.TimeStats:81 - Time measurements: [Whole Processing = 23 ms], [Process Annotations = 9 ms], [Find R Classes = 3 ms], [Validate Annotations = 3 ms], [Generate Sources = 3 ms], [Extract Manifest = 2 ms], [Extract Annotations = 0 ms], 
20:17:16.887 [Worker-93] INFO  o.a.AndroidAnnotationProcessor:121 - Finish processing
20:18:32.103 [Worker-93] INFO  o.a.AndroidAnnotationProcessor:83 - Initialize AndroidAnnotations 3.3.2 with options {phase=BUILD}
20:18:32.105 [Worker-93] INFO  o.a.AndroidAnnotationProcessor:107 - Start processing for 3 annotations on 2 elements
20:18:32.106 [Worker-93] DEBUG o.a.h.AndroidManifestFinder:137 - AndroidManifest.xml file found in parent folder E:\Test\MobileSafe: E:\Test\MobileSafe\AndroidManifest.xml
20:18:32.107 [Worker-93] INFO  o.a.AndroidAnnotationProcessor:170 - AndroidManifest.xml found: AndroidManifest [applicationPackage=com.phy.mobilesafe, componentQualifiedNames=[com.phy.mobilesafe.activity.SplashActivity_, com.phy.mobilesafe.activity.HomeActivity_], permissionQualifiedNames=[android.permission.INTERNET], applicationClassName=null, libraryProject=false, debugabble=false, minSdkVersion=14, maxSdkVersion=-1, targetSdkVersion=17]
20:18:32.108 [Worker-93] INFO  o.a.r.ProjectRClassFinder:50 - Found project R class: com.phy.mobilesafe.R
20:18:32.109 [Worker-93] INFO  o.a.r.AndroidRClassFinder:44 - Found Android class: android.R
20:18:32.113 [Worker-93] INFO  o.a.p.ModelValidator:42 - Validating elements
20:18:32.113 [Worker-93] DEBUG o.a.p.ModelValidator:62 - Validating with EActivityHandler: [com.phy.mobilesafe.activity.SplashActivity]
20:18:32.114 [Worker-93] DEBUG o.a.p.ModelValidator:62 - Validating with ViewByIdHandler: [tvVersion]
20:18:32.115 [Worker-93] DEBUG o.a.p.ModelValidator:62 - Validating with AfterViewsHandler: [void ShowAndCheckVersion() ]
20:18:32.116 [Worker-93] INFO  o.a.p.ModelProcessor:74 - Processing root elements
20:18:32.116 [Worker-93] DEBUG o.a.p.ModelProcessor:176 - Processing root elements EActivityHandler: [com.phy.mobilesafe.activity.SplashActivity]
20:18:32.124 [Worker-93] INFO  o.a.p.ModelProcessor:86 - Processing enclosed elements
20:18:32.125 [Worker-93] INFO  o.a.AndroidAnnotationProcessor:249 - Number of files generated by AndroidAnnotations: 1
20:18:32.126 [Worker-93] INFO  o.a.g.ApiCodeGenerator:52 - Writting following API classes in project: []
20:18:32.126 [Worker-93] DEBUG o.a.g.SourceCodewriter:55 - Generating class: com.phy.mobilesafe.activity.SplashActivity_
20:18:32.128 [Worker-93] INFO  o.a.p.TimeStats:81 - Time measurements: [Whole Processing = 23 ms], [Process Annotations = 9 ms], [Find R Classes = 5 ms], [Validate Annotations = 3 ms], [Generate Sources = 3 ms], [Extract Annotations = 1 ms], [Extract Manifest = 1 ms], 
20:18:32.129 [Worker-93] INFO  o.a.AndroidAnnotationProcessor:121 - Finish processing
20:19:09.738 [Worker-93] INFO  o.a.AndroidAnnotationProcessor:83 - Initialize AndroidAnnotations 3.3.2 with options {phase=BUILD}
20:19:09.739 [Worker-93] INFO  o.a.AndroidAnnotationProcessor:107 - Start processing for 3 annotations on 2 elements
20:19:09.740 [Worker-93] DEBUG o.a.h.AndroidManifestFinder:137 - AndroidManifest.xml file found in parent folder E:\Test\MobileSafe: E:\Test\MobileSafe\AndroidManifest.xml
20:19:09.742 [Worker-93] INFO  o.a.AndroidAnnotationProcessor:170 - AndroidManifest.xml found: AndroidManifest [applicationPackage=com.phy.mobilesafe, componentQualifiedNames=[com.phy.mobilesafe.activity.SplashActivity_, com.phy.mobilesafe.activity.HomeActivity_], permissionQualifiedNames=[android.permission.INTERNET], applicationClassName=null, libraryProject=false, debugabble=false, minSdkVersion=14, maxSdkVersion=-1, targetSdkVersion=17]
20:19:09.742 [Worker-93] INFO  o.a.r.ProjectRClassFinder:50 - Found project R class: com.phy.mobilesafe.R
20:19:09.743 [Worker-93] INFO  o.a.r.AndroidRClassFinder:44 - Found Android class: android.R
20:19:09.747 [Worker-93] INFO  o.a.p.ModelValidator:42 - Validating elements
20:19:09.748 [Worker-93] DEBUG o.a.p.ModelValidator:62 - Validating with EActivityHandler: [com.phy.mobilesafe.activity.SplashActivity]
20:19:09.748 [Worker-93] DEBUG o.a.p.ModelValidator:62 - Validating with ViewByIdHandler: [tvVersion]
20:19:09.749 [Worker-93] DEBUG o.a.p.ModelValidator:62 - Validating with AfterViewsHandler: [void ShowAndCheckVersion() ]
20:19:09.750 [Worker-93] INFO  o.a.p.ModelProcessor:74 - Processing root elements
20:19:09.751 [Worker-93] DEBUG o.a.p.ModelProcessor:176 - Processing root elements EActivityHandler: [com.phy.mobilesafe.activity.SplashActivity]
20:19:09.759 [Worker-93] INFO  o.a.p.ModelProcessor:86 - Processing enclosed elements
20:19:09.760 [Worker-93] INFO  o.a.AndroidAnnotationProcessor:249 - Number of files generated by AndroidAnnotations: 1
20:19:09.760 [Worker-93] INFO  o.a.g.ApiCodeGenerator:52 - Writting following API classes in project: []
20:19:09.761 [Worker-93] DEBUG o.a.g.SourceCodewriter:55 - Generating class: com.phy.mobilesafe.activity.SplashActivity_
20:19:09.763 [Worker-93] INFO  o.a.p.TimeStats:81 - Time measurements: [Whole Processing = 24 ms], [Process Annotations = 10 ms], [Find R Classes = 5 ms], [Validate Annotations = 3 ms], [Generate Sources = 3 ms], [Extract Manifest = 2 ms], [Extract Annotations = 0 ms], 
20:19:09.763 [Worker-93] INFO  o.a.AndroidAnnotationProcessor:121 - Finish processing
20:19:29.595 [Worker-93] INFO  o.a.AndroidAnnotationProcessor:83 - Initialize AndroidAnnotations 3.3.2 with options {phase=BUILD}
20:19:29.596 [Worker-93] INFO  o.a.AndroidAnnotationProcessor:107 - Start processing for 3 annotations on 1 elements
20:19:29.597 [Worker-93] DEBUG o.a.h.AndroidManifestFinder:137 - AndroidManifest.xml file found in parent folder E:\Test\MobileSafe: E:\Test\MobileSafe\AndroidManifest.xml
20:19:29.599 [Worker-93] INFO  o.a.AndroidAnnotationProcessor:170 - AndroidManifest.xml found: AndroidManifest [applicationPackage=com.phy.mobilesafe, componentQualifiedNames=[com.phy.mobilesafe.activity.SplashActivity_, com.phy.mobilesafe.activity.HomeActivity_], permissionQualifiedNames=[android.permission.INTERNET], applicationClassName=null, libraryProject=false, debugabble=false, minSdkVersion=14, maxSdkVersion=-1, targetSdkVersion=17]
20:19:29.600 [Worker-93] INFO  o.a.r.ProjectRClassFinder:50 - Found project R class: com.phy.mobilesafe.R
20:19:29.601 [Worker-93] INFO  o.a.r.AndroidRClassFinder:44 - Found Android class: android.R
20:19:29.604 [Worker-93] INFO  o.a.p.ModelValidator:42 - Validating elements
20:19:29.605 [Worker-93] DEBUG o.a.p.ModelValidator:62 - Validating with EActivityHandler: [com.phy.mobilesafe.activity.SplashActivity]
20:19:29.606 [Worker-93] DEBUG o.a.p.ModelValidator:62 - Validating with ViewByIdHandler: [tvVersion]
20:19:29.607 [Worker-93] DEBUG o.a.p.ModelValidator:62 - Validating with AfterViewsHandler: [void ShowAndCheckVersion() ]
20:19:29.607 [Worker-93] INFO  o.a.p.ModelProcessor:74 - Processing root elements
20:19:29.608 [Worker-93] DEBUG o.a.p.ModelProcessor:176 - Processing root elements EActivityHandler: [com.phy.mobilesafe.activity.SplashActivity]
20:19:29.616 [Worker-93] INFO  o.a.p.ModelProcessor:86 - Processing enclosed elements
20:19:29.617 [Worker-93] INFO  o.a.AndroidAnnotationProcessor:249 - Number of files generated by AndroidAnnotations: 1
20:19:29.617 [Worker-93] INFO  o.a.g.ApiCodeGenerator:52 - Writting following API classes in project: []
20:19:29.618 [Worker-93] DEBUG o.a.g.SourceCodewriter:55 - Generating class: com.phy.mobilesafe.activity.SplashActivity_
20:19:29.620 [Worker-93] INFO  o.a.p.TimeStats:81 - Time measurements: [Whole Processing = 24 ms], [Process Annotations = 10 ms], [Find R Classes = 4 ms], [Validate Annotations = 3 ms], [Generate Sources = 3 ms], [Extract Manifest = 2 ms], [Extract Annotations = 0 ms], 
20:19:29.620 [Worker-93] INFO  o.a.AndroidAnnotationProcessor:121 - Finish processing
20:20:16.853 [Worker-95] INFO  o.a.AndroidAnnotationProcessor:83 - Initialize AndroidAnnotations 3.3.2 with options {phase=BUILD}
20:20:16.855 [Worker-95] INFO  o.a.AndroidAnnotationProcessor:107 - Start processing for 3 annotations on 1 elements
20:20:16.856 [Worker-95] DEBUG o.a.h.AndroidManifestFinder:137 - AndroidManifest.xml file found in parent folder E:\Test\MobileSafe: E:\Test\MobileSafe\AndroidManifest.xml
20:20:16.857 [Worker-95] INFO  o.a.AndroidAnnotationProcessor:170 - AndroidManifest.xml found: AndroidManifest [applicationPackage=com.phy.mobilesafe, componentQualifiedNames=[com.phy.mobilesafe.activity.SplashActivity_, com.phy.mobilesafe.activity.HomeActivity_], permissionQualifiedNames=[android.permission.INTERNET], applicationClassName=null, libraryProject=false, debugabble=false, minSdkVersion=14, maxSdkVersion=-1, targetSdkVersion=17]
20:20:16.858 [Worker-95] INFO  o.a.r.ProjectRClassFinder:50 - Found project R class: com.phy.mobilesafe.R
20:20:16.859 [Worker-95] INFO  o.a.r.AndroidRClassFinder:44 - Found Android class: android.R
20:20:16.863 [Worker-95] INFO  o.a.p.ModelValidator:42 - Validating elements
20:20:16.864 [Worker-95] DEBUG o.a.p.ModelValidator:62 - Validating with EActivityHandler: [com.phy.mobilesafe.activity.SplashActivity]
20:20:16.865 [Worker-95] DEBUG o.a.p.ModelValidator:62 - Validating with ViewByIdHandler: [tvVersion]
20:20:16.866 [Worker-95] DEBUG o.a.p.ModelValidator:62 - Validating with AfterViewsHandler: [void ShowAndCheckVersion() ]
20:20:16.866 [Worker-95] INFO  o.a.p.ModelProcessor:74 - Processing root elements
20:20:16.867 [Worker-95] DEBUG o.a.p.ModelProcessor:176 - Processing root elements EActivityHandler: [com.phy.mobilesafe.activity.SplashActivity]
20:20:16.876 [Worker-95] INFO  o.a.p.ModelProcessor:86 - Processing enclosed elements
20:20:16.877 [Worker-95] INFO  o.a.AndroidAnnotationProcessor:249 - Number of files generated by AndroidAnnotations: 1
20:20:16.877 [Worker-95] INFO  o.a.g.ApiCodeGenerator:52 - Writting following API classes in project: []
20:20:16.878 [Worker-95] DEBUG o.a.g.SourceCodewriter:55 - Generating class: com.phy.mobilesafe.activity.SplashActivity_
20:20:16.880 [Worker-95] INFO  o.a.p.TimeStats:81 - Time measurements: [Whole Processing = 25 ms], [Process Annotations = 11 ms], [Find R Classes = 5 ms], [Validate Annotations = 3 ms], [Generate Sources = 3 ms], [Extract Manifest = 1 ms], [Extract Annotations = 0 ms], 
20:20:16.880 [Worker-95] INFO  o.a.AndroidAnnotationProcessor:121 - Finish processing
20:20:41.147 [Worker-99] INFO  o.a.AndroidAnnotationProcessor:83 - Initialize AndroidAnnotations 3.3.2 with options {phase=BUILD}
20:20:41.149 [Worker-99] INFO  o.a.AndroidAnnotationProcessor:107 - Start processing for 3 annotations on 1 elements
20:20:41.149 [Worker-99] DEBUG o.a.h.AndroidManifestFinder:137 - AndroidManifest.xml file found in parent folder E:\Test\MobileSafe: E:\Test\MobileSafe\AndroidManifest.xml
20:20:41.151 [Worker-99] INFO  o.a.AndroidAnnotationProcessor:170 - AndroidManifest.xml found: AndroidManifest [applicationPackage=com.phy.mobilesafe, componentQualifiedNames=[com.phy.mobilesafe.activity.SplashActivity_, com.phy.mobilesafe.activity.HomeActivity_], permissionQualifiedNames=[android.permission.INTERNET], applicationClassName=null, libraryProject=false, debugabble=false, minSdkVersion=14, maxSdkVersion=-1, targetSdkVersion=17]
20:20:41.152 [Worker-99] INFO  o.a.r.ProjectRClassFinder:50 - Found project R class: com.phy.mobilesafe.R
20:20:41.153 [Worker-99] INFO  o.a.r.AndroidRClassFinder:44 - Found Android class: android.R
20:20:41.156 [Worker-99] INFO  o.a.p.ModelValidator:42 - Validating elements
20:20:41.157 [Worker-99] DEBUG o.a.p.ModelValidator:62 - Validating with EActivityHandler: [com.phy.mobilesafe.activity.SplashActivity]
20:20:41.158 [Worker-99] DEBUG o.a.p.ModelValidator:62 - Validating with ViewByIdHandler: [tvVersion]
20:20:41.159 [Worker-99] DEBUG o.a.p.ModelValidator:62 - Validating with AfterViewsHandler: [void ShowAndCheckVersion() ]
20:20:41.160 [Worker-99] INFO  o.a.p.ModelProcessor:74 - Processing root elements
20:20:41.161 [Worker-99] DEBUG o.a.p.ModelProcessor:176 - Processing root elements EActivityHandler: [com.phy.mobilesafe.activity.SplashActivity]
20:20:41.169 [Worker-99] INFO  o.a.p.ModelProcessor:86 - Processing enclosed elements
20:20:41.170 [Worker-99] INFO  o.a.AndroidAnnotationProcessor:249 - Number of files generated by AndroidAnnotations: 1
20:20:41.170 [Worker-99] INFO  o.a.g.ApiCodeGenerator:52 - Writting following API classes in project: []
20:20:41.171 [Worker-99] DEBUG o.a.g.SourceCodewriter:55 - Generating class: com.phy.mobilesafe.activity.SplashActivity_
20:20:41.173 [Worker-99] INFO  o.a.p.TimeStats:81 - Time measurements: [Whole Processing = 24 ms], [Process Annotations = 10 ms], [Find R Classes = 4 ms], [Validate Annotations = 4 ms], [Generate Sources = 3 ms], [Extract Manifest = 2 ms], [Extract Annotations = 0 ms], 
20:20:41.174 [Worker-99] INFO  o.a.AndroidAnnotationProcessor:121 - Finish processing
20:21:08.380 [Worker-97] INFO  o.a.AndroidAnnotationProcessor:83 - Initialize AndroidAnnotations 3.3.2 with options {phase=BUILD}
20:21:08.382 [Worker-97] INFO  o.a.AndroidAnnotationProcessor:107 - Start processing for 3 annotations on 1 elements
20:21:08.382 [Worker-97] DEBUG o.a.h.AndroidManifestFinder:137 - AndroidManifest.xml file found in parent folder E:\Test\MobileSafe: E:\Test\MobileSafe\AndroidManifest.xml
20:21:08.384 [Worker-97] INFO  o.a.AndroidAnnotationProcessor:170 - AndroidManifest.xml found: AndroidManifest [applicationPackage=com.phy.mobilesafe, componentQualifiedNames=[com.phy.mobilesafe.activity.SplashActivity_, com.phy.mobilesafe.activity.HomeActivity_], permissionQualifiedNames=[android.permission.INTERNET], applicationClassName=null, libraryProject=false, debugabble=false, minSdkVersion=14, maxSdkVersion=-1, targetSdkVersion=17]
20:21:08.385 [Worker-97] INFO  o.a.r.ProjectRClassFinder:50 - Found project R class: com.phy.mobilesafe.R
20:21:08.386 [Worker-97] INFO  o.a.r.AndroidRClassFinder:44 - Found Android class: android.R
20:21:08.389 [Worker-97] INFO  o.a.p.ModelValidator:42 - Validating elements
20:21:08.390 [Worker-97] DEBUG o.a.p.ModelValidator:62 - Validating with EActivityHandler: [com.phy.mobilesafe.activity.SplashActivity]
20:21:08.391 [Worker-97] DEBUG o.a.p.ModelValidator:62 - Validating with ViewByIdHandler: [tvVersion]
20:21:08.392 [Worker-97] DEBUG o.a.p.ModelValidator:62 - Validating with AfterViewsHandler: [void ShowAndCheckVersion() ]
20:21:08.392 [Worker-97] INFO  o.a.p.ModelProcessor:74 - Processing root elements
20:21:08.393 [Worker-97] DEBUG o.a.p.ModelProcessor:176 - Processing root elements EActivityHandler: [com.phy.mobilesafe.activity.SplashActivity]
20:21:08.402 [Worker-97] INFO  o.a.p.ModelProcessor:86 - Processing enclosed elements
20:21:08.403 [Worker-97] INFO  o.a.AndroidAnnotationProcessor:249 - Number of files generated by AndroidAnnotations: 1
20:21:08.403 [Worker-97] INFO  o.a.g.ApiCodeGenerator:52 - Writting following API classes in project: []
20:21:08.404 [Worker-97] DEBUG o.a.g.SourceCodewriter:55 - Generating class: com.phy.mobilesafe.activity.SplashActivity_
20:21:08.406 [Worker-97] INFO  o.a.p.TimeStats:81 - Time measurements: [Whole Processing = 24 ms], [Process Annotations = 11 ms], [Find R Classes = 4 ms], [Validate Annotations = 3 ms], [Generate Sources = 3 ms], [Extract Manifest = 2 ms], [Extract Annotations = 0 ms], 
20:21:08.407 [Worker-97] INFO  o.a.AndroidAnnotationProcessor:121 - Finish processing
20:21:21.81 [Worker-90] INFO  o.a.AndroidAnnotationProcessor:83 - Initialize AndroidAnnotations 3.3.2 with options {phase=BUILD}
20:21:21.83 [Worker-90] INFO  o.a.AndroidAnnotationProcessor:107 - Start processing for 3 annotations on 2 elements
20:21:21.84 [Worker-90] DEBUG o.a.h.AndroidManifestFinder:137 - AndroidManifest.xml file found in parent folder E:\Test\MobileSafe: E:\Test\MobileSafe\AndroidManifest.xml
20:21:21.85 [Worker-90] INFO  o.a.AndroidAnnotationProcessor:170 - AndroidManifest.xml found: AndroidManifest [applicationPackage=com.phy.mobilesafe, componentQualifiedNames=[com.phy.mobilesafe.activity.SplashActivity_, com.phy.mobilesafe.activity.HomeActivity_], permissionQualifiedNames=[android.permission.INTERNET], applicationClassName=null, libraryProject=false, debugabble=false, minSdkVersion=14, maxSdkVersion=-1, targetSdkVersion=17]
20:21:21.86 [Worker-90] INFO  o.a.r.ProjectRClassFinder:50 - Found project R class: com.phy.mobilesafe.R
20:21:21.87 [Worker-90] INFO  o.a.r.AndroidRClassFinder:44 - Found Android class: android.R
20:21:21.90 [Worker-90] INFO  o.a.p.ModelValidator:42 - Validating elements
20:21:21.91 [Worker-90] DEBUG o.a.p.ModelValidator:62 - Validating with EActivityHandler: [com.phy.mobilesafe.activity.SplashActivity]
20:21:21.92 [Worker-90] DEBUG o.a.p.ModelValidator:62 - Validating with ViewByIdHandler: [tvVersion]
20:21:21.93 [Worker-90] DEBUG o.a.p.ModelValidator:62 - Validating with AfterViewsHandler: [void ShowAndCheckVersion() ]
20:21:21.94 [Worker-90] INFO  o.a.p.ModelProcessor:74 - Processing root elements
20:21:21.95 [Worker-90] DEBUG o.a.p.ModelProcessor:176 - Processing root elements EActivityHandler: [com.phy.mobilesafe.activity.SplashActivity]
20:21:21.103 [Worker-90] INFO  o.a.p.ModelProcessor:86 - Processing enclosed elements
20:21:21.104 [Worker-90] INFO  o.a.AndroidAnnotationProcessor:249 - Number of files generated by AndroidAnnotations: 1
20:21:21.104 [Worker-90] INFO  o.a.g.ApiCodeGenerator:52 - Writting following API classes in project: []
20:21:21.105 [Worker-90] DEBUG o.a.g.SourceCodewriter:55 - Generating class: com.phy.mobilesafe.activity.SplashActivity_
20:21:21.107 [Worker-90] INFO  o.a.p.TimeStats:81 - Time measurements: [Whole Processing = 24 ms], [Process Annotations = 10 ms], [Find R Classes = 4 ms], [Validate Annotations = 4 ms], [Generate Sources = 3 ms], [Extract Annotations = 1 ms], [Extract Manifest = 1 ms], 
20:21:21.107 [Worker-90] INFO  o.a.AndroidAnnotationProcessor:121 - Finish processing
20:21:24.153 [Worker-98] INFO  o.a.AndroidAnnotationProcessor:83 - Initialize AndroidAnnotations 3.3.2 with options {phase=BUILD}
20:21:24.154 [Worker-98] INFO  o.a.AndroidAnnotationProcessor:107 - Start processing for 3 annotations on 2 elements
20:21:24.155 [Worker-98] DEBUG o.a.h.AndroidManifestFinder:137 - AndroidManifest.xml file found in parent folder E:\Test\MobileSafe: E:\Test\MobileSafe\AndroidManifest.xml
20:21:24.156 [Worker-98] INFO  o.a.AndroidAnnotationProcessor:170 - AndroidManifest.xml found: AndroidManifest [applicationPackage=com.phy.mobilesafe, componentQualifiedNames=[com.phy.mobilesafe.activity.SplashActivity_, com.phy.mobilesafe.activity.HomeActivity_], permissionQualifiedNames=[android.permission.INTERNET], applicationClassName=null, libraryProject=false, debugabble=false, minSdkVersion=14, maxSdkVersion=-1, targetSdkVersion=17]
20:21:24.157 [Worker-98] INFO  o.a.r.ProjectRClassFinder:50 - Found project R class: com.phy.mobilesafe.R
20:21:24.158 [Worker-98] INFO  o.a.r.AndroidRClassFinder:44 - Found Android class: android.R
20:21:24.162 [Worker-98] INFO  o.a.p.ModelValidator:42 - Validating elements
20:21:24.162 [Worker-98] DEBUG o.a.p.ModelValidator:62 - Validating with EActivityHandler: [com.phy.mobilesafe.activity.SplashActivity]
20:21:24.163 [Worker-98] DEBUG o.a.p.ModelValidator:62 - Validating with ViewByIdHandler: [tvVersion]
20:21:24.164 [Worker-98] DEBUG o.a.p.ModelValidator:62 - Validating with AfterViewsHandler: [void ShowAndCheckVersion() ]
20:21:24.164 [Worker-98] INFO  o.a.p.ModelProcessor:74 - Processing root elements
20:21:24.165 [Worker-98] DEBUG o.a.p.ModelProcessor:176 - Processing root elements EActivityHandler: [com.phy.mobilesafe.activity.SplashActivity]
20:21:24.172 [Worker-98] INFO  o.a.p.ModelProcessor:86 - Processing enclosed elements
20:21:24.173 [Worker-98] INFO  o.a.AndroidAnnotationProcessor:249 - Number of files generated by AndroidAnnotations: 1
20:21:24.174 [Worker-98] INFO  o.a.g.ApiCodeGenerator:52 - Writting following API classes in project: []
20:21:24.174 [Worker-98] DEBUG o.a.g.SourceCodewriter:55 - Generating class: com.phy.mobilesafe.activity.SplashActivity_
20:21:24.176 [Worker-98] INFO  o.a.p.TimeStats:81 - Time measurements: [Whole Processing = 22 ms], [Process Annotations = 9 ms], [Find R Classes = 5 ms], [Generate Sources = 3 ms], [Validate Annotations = 2 ms], [Extract Manifest = 1 ms], [Extract Annotations = 0 ms], 
20:21:24.176 [Worker-98] INFO  o.a.AndroidAnnotationProcessor:121 - Finish processing
20:21:53.955 [Worker-93] INFO  o.a.AndroidAnnotationProcessor:83 - Initialize AndroidAnnotations 3.3.2 with options {phase=BUILD}
20:21:53.956 [Worker-93] INFO  o.a.AndroidAnnotationProcessor:107 - Start processing for 3 annotations on 1 elements
20:21:53.957 [Worker-93] DEBUG o.a.h.AndroidManifestFinder:137 - AndroidManifest.xml file found in parent folder E:\Test\MobileSafe: E:\Test\MobileSafe\AndroidManifest.xml
20:21:53.958 [Worker-93] INFO  o.a.AndroidAnnotationProcessor:170 - AndroidManifest.xml found: AndroidManifest [applicationPackage=com.phy.mobilesafe, componentQualifiedNames=[com.phy.mobilesafe.activity.SplashActivity_, com.phy.mobilesafe.activity.HomeActivity_], permissionQualifiedNames=[android.permission.INTERNET], applicationClassName=null, libraryProject=false, debugabble=false, minSdkVersion=14, maxSdkVersion=-1, targetSdkVersion=17]
20:21:53.959 [Worker-93] INFO  o.a.r.ProjectRClassFinder:50 - Found project R class: com.phy.mobilesafe.R
20:21:53.960 [Worker-93] INFO  o.a.r.AndroidRClassFinder:44 - Found Android class: android.R
20:21:53.964 [Worker-93] INFO  o.a.p.ModelValidator:42 - Validating elements
20:21:53.965 [Worker-93] DEBUG o.a.p.ModelValidator:62 - Validating with EActivityHandler: [com.phy.mobilesafe.activity.SplashActivity]
20:21:53.966 [Worker-93] DEBUG o.a.p.ModelValidator:62 - Validating with ViewByIdHandler: [tvVersion]
20:21:53.966 [Worker-93] DEBUG o.a.p.ModelValidator:62 - Validating with AfterViewsHandler: [void ShowAndCheckVersion() ]
20:21:53.967 [Worker-93] INFO  o.a.p.ModelProcessor:74 - Processing root elements
20:21:53.968 [Worker-93] DEBUG o.a.p.ModelProcessor:176 - Processing root elements EActivityHandler: [com.phy.mobilesafe.activity.SplashActivity]
20:21:53.976 [Worker-93] INFO  o.a.p.ModelProcessor:86 - Processing enclosed elements
20:21:53.977 [Worker-93] INFO  o.a.AndroidAnnotationProcessor:249 - Number of files generated by AndroidAnnotations: 1
20:21:53.977 [Worker-93] INFO  o.a.g.ApiCodeGenerator:52 - Writting following API classes in project: []
20:21:53.978 [Worker-93] DEBUG o.a.g.SourceCodewriter:55 - Generating class: com.phy.mobilesafe.activity.SplashActivity_
20:21:53.979 [Worker-93] INFO  o.a.p.TimeStats:81 - Time measurements: [Whole Processing = 23 ms], [Process Annotations = 10 ms], [Find R Classes = 5 ms], [Validate Annotations = 3 ms], [Generate Sources = 2 ms], [Extract Manifest = 1 ms], [Extract Annotations = 0 ms], 
20:21:53.980 [Worker-93] INFO  o.a.AndroidAnnotationProcessor:121 - Finish processing
20:22:09.317 [Worker-95] INFO  o.a.AndroidAnnotationProcessor:83 - Initialize AndroidAnnotations 3.3.2 with options {phase=BUILD}
20:22:09.318 [Worker-95] INFO  o.a.AndroidAnnotationProcessor:107 - Start processing for 3 annotations on 1 elements
20:22:09.319 [Worker-95] DEBUG o.a.h.AndroidManifestFinder:137 - AndroidManifest.xml file found in parent folder E:\Test\MobileSafe: E:\Test\MobileSafe\AndroidManifest.xml
20:22:09.320 [Worker-95] INFO  o.a.AndroidAnnotationProcessor:170 - AndroidManifest.xml found: AndroidManifest [applicationPackage=com.phy.mobilesafe, componentQualifiedNames=[com.phy.mobilesafe.activity.SplashActivity_, com.phy.mobilesafe.activity.HomeActivity_], permissionQualifiedNames=[android.permission.INTERNET], applicationClassName=null, libraryProject=false, debugabble=false, minSdkVersion=14, maxSdkVersion=-1, targetSdkVersion=17]
20:22:09.321 [Worker-95] INFO  o.a.r.ProjectRClassFinder:50 - Found project R class: com.phy.mobilesafe.R
20:22:09.322 [Worker-95] INFO  o.a.r.AndroidRClassFinder:44 - Found Android class: android.R
20:22:09.326 [Worker-95] INFO  o.a.p.ModelValidator:42 - Validating elements
20:22:09.326 [Worker-95] DEBUG o.a.p.ModelValidator:62 - Validating with EActivityHandler: [com.phy.mobilesafe.activity.SplashActivity]
20:22:09.327 [Worker-95] DEBUG o.a.p.ModelValidator:62 - Validating with ViewByIdHandler: [tvVersion]
20:22:09.328 [Worker-95] DEBUG o.a.p.ModelValidator:62 - Validating with AfterViewsHandler: [void ShowAndCheckVersion() ]
20:22:09.329 [Worker-95] INFO  o.a.p.ModelProcessor:74 - Processing root elements
20:22:09.330 [Worker-95] DEBUG o.a.p.ModelProcessor:176 - Processing root elements EActivityHandler: [com.phy.mobilesafe.activity.SplashActivity]
20:22:09.337 [Worker-95] INFO  o.a.p.ModelProcessor:86 - Processing enclosed elements
20:22:09.338 [Worker-95] INFO  o.a.AndroidAnnotationProcessor:249 - Number of files generated by AndroidAnnotations: 1
20:22:09.339 [Worker-95] INFO  o.a.g.ApiCodeGenerator:52 - Writting following API classes in project: []
20:22:09.339 [Worker-95] DEBUG o.a.g.SourceCodewriter:55 - Generating class: com.phy.mobilesafe.activity.SplashActivity_
20:22:09.341 [Worker-95] INFO  o.a.p.TimeStats:81 - Time measurements: [Whole Processing = 23 ms], [Process Annotations = 9 ms], [Find R Classes = 4 ms], [Validate Annotations = 3 ms], [Generate Sources = 3 ms], [Extract Manifest = 1 ms], [Extract Annotations = 0 ms], 
20:22:09.342 [Worker-95] INFO  o.a.AndroidAnnotationProcessor:121 - Finish processing
20:22:24.247 [Worker-96] INFO  o.a.AndroidAnnotationProcessor:83 - Initialize AndroidAnnotations 3.3.2 with options {phase=BUILD}
20:23:29.978 [Worker-99] INFO  o.a.AndroidAnnotationProcessor:83 - Initialize AndroidAnnotations 3.3.2 with options {phase=BUILD}
20:23:29.980 [Worker-99] INFO  o.a.AndroidAnnotationProcessor:107 - Start processing for 3 annotations on 1 elements
20:23:29.981 [Worker-99] DEBUG o.a.h.AndroidManifestFinder:137 - AndroidManifest.xml file found in parent folder E:\Test\MobileSafe: E:\Test\MobileSafe\AndroidManifest.xml
20:23:29.983 [Worker-99] INFO  o.a.AndroidAnnotationProcessor:170 - AndroidManifest.xml found: AndroidManifest [applicationPackage=com.phy.mobilesafe, componentQualifiedNames=[com.phy.mobilesafe.activity.SplashActivity_, com.phy.mobilesafe.activity.HomeActivity_], permissionQualifiedNames=[android.permission.INTERNET, android.permission.WRITE_EXTERNAL_STORAGE], applicationClassName=null, libraryProject=false, debugabble=false, minSdkVersion=14, maxSdkVersion=-1, targetSdkVersion=17]
20:23:29.983 [Worker-99] INFO  o.a.r.ProjectRClassFinder:50 - Found project R class: com.phy.mobilesafe.R
20:23:29.985 [Worker-99] INFO  o.a.r.AndroidRClassFinder:44 - Found Android class: android.R
20:23:29.988 [Worker-99] INFO  o.a.p.ModelValidator:42 - Validating elements
20:23:29.989 [Worker-99] DEBUG o.a.p.ModelValidator:62 - Validating with EActivityHandler: [com.phy.mobilesafe.activity.SplashActivity]
20:23:29.990 [Worker-99] DEBUG o.a.p.ModelValidator:62 - Validating with ViewByIdHandler: [tvVersion]
20:23:29.991 [Worker-99] DEBUG o.a.p.ModelValidator:62 - Validating with AfterViewsHandler: [void ShowAndCheckVersion() ]
20:23:29.991 [Worker-99] INFO  o.a.p.ModelProcessor:74 - Processing root elements
20:23:29.992 [Worker-99] DEBUG o.a.p.ModelProcessor:176 - Processing root elements EActivityHandler: [com.phy.mobilesafe.activity.SplashActivity]
20:23:30.1 [Worker-99] INFO  o.a.p.ModelProcessor:86 - Processing enclosed elements
20:23:30.2 [Worker-99] INFO  o.a.AndroidAnnotationProcessor:249 - Number of files generated by AndroidAnnotations: 1
20:23:30.2 [Worker-99] INFO  o.a.g.ApiCodeGenerator:52 - Writting following API classes in project: []
20:23:30.3 [Worker-99] DEBUG o.a.g.SourceCodewriter:55 - Generating class: com.phy.mobilesafe.activity.SplashActivity_
20:23:30.4 [Worker-99] INFO  o.a.p.TimeStats:81 - Time measurements: [Whole Processing = 24 ms], [Process Annotations = 11 ms], [Find R Classes = 5 ms], [Extract Manifest = 3 ms], [Validate Annotations = 3 ms], [Generate Sources = 2 ms], [Extract Annotations = 0 ms], 
20:23:30.5 [Worker-99] INFO  o.a.AndroidAnnotationProcessor:121 - Finish processing
20:23:42.895 [Worker-99] INFO  o.a.AndroidAnnotationProcessor:83 - Initialize AndroidAnnotations 3.3.2 with options {phase=BUILD}
20:23:42.896 [Worker-99] INFO  o.a.AndroidAnnotationProcessor:107 - Start processing for 3 annotations on 2 elements
20:23:42.897 [Worker-99] DEBUG o.a.h.AndroidManifestFinder:137 - AndroidManifest.xml file found in parent folder E:\Test\MobileSafe: E:\Test\MobileSafe\AndroidManifest.xml
20:23:42.899 [Worker-99] INFO  o.a.AndroidAnnotationProcessor:170 - AndroidManifest.xml found: AndroidManifest [applicationPackage=com.phy.mobilesafe, componentQualifiedNames=[com.phy.mobilesafe.activity.SplashActivity_, com.phy.mobilesafe.activity.HomeActivity_], permissionQualifiedNames=[android.permission.INTERNET, android.permission.WRITE_EXTERNAL_STORAGE], applicationClassName=null, libraryProject=false, debugabble=false, minSdkVersion=14, maxSdkVersion=-1, targetSdkVersion=17]
20:23:42.899 [Worker-99] INFO  o.a.r.ProjectRClassFinder:50 - Found project R class: com.phy.mobilesafe.R
20:23:42.900 [Worker-99] INFO  o.a.r.AndroidRClassFinder:44 - Found Android class: android.R
20:23:42.903 [Worker-99] INFO  o.a.p.ModelValidator:42 - Validating elements
20:23:42.904 [Worker-99] DEBUG o.a.p.ModelValidator:62 - Validating with EActivityHandler: [com.phy.mobilesafe.activity.SplashActivity]
20:23:42.905 [Worker-99] DEBUG o.a.p.ModelValidator:62 - Validating with ViewByIdHandler: [tvVersion]
20:23:42.906 [Worker-99] DEBUG o.a.p.ModelValidator:62 - Validating with AfterViewsHandler: [void ShowAndCheckVersion() ]
20:23:42.907 [Worker-99] INFO  o.a.p.ModelProcessor:74 - Processing root elements
20:23:42.907 [Worker-99] DEBUG o.a.p.ModelProcessor:176 - Processing root elements EActivityHandler: [com.phy.mobilesafe.activity.SplashActivity]
20:23:42.916 [Worker-99] INFO  o.a.p.ModelProcessor:86 - Processing enclosed elements
20:23:42.917 [Worker-99] INFO  o.a.AndroidAnnotationProcessor:249 - Number of files generated by AndroidAnnotations: 1
20:23:42.917 [Worker-99] INFO  o.a.g.ApiCodeGenerator:52 - Writting following API classes in project: []
20:23:42.918 [Worker-99] DEBUG o.a.g.SourceCodewriter:55 - Generating class: com.phy.mobilesafe.activity.SplashActivity_
20:23:42.920 [Worker-99] INFO  o.a.p.TimeStats:81 - Time measurements: [Whole Processing = 24 ms], [Process Annotations = 10 ms], [Find R Classes = 4 ms], [Validate Annotations = 4 ms], [Generate Sources = 3 ms], [Extract Manifest = 2 ms], [Extract Annotations = 0 ms], 
20:23:42.920 [Worker-99] INFO  o.a.AndroidAnnotationProcessor:121 - Finish processing
20:23:45.90 [Worker-99] INFO  o.a.AndroidAnnotationProcessor:83 - Initialize AndroidAnnotations 3.3.2 with options {phase=BUILD}
20:23:45.92 [Worker-99] INFO  o.a.AndroidAnnotationProcessor:107 - Start processing for 3 annotations on 1 elements
20:23:45.93 [Worker-99] DEBUG o.a.h.AndroidManifestFinder:137 - AndroidManifest.xml file found in parent folder E:\Test\MobileSafe: E:\Test\MobileSafe\AndroidManifest.xml
20:23:45.95 [Worker-99] INFO  o.a.AndroidAnnotationProcessor:170 - AndroidManifest.xml found: AndroidManifest [applicationPackage=com.phy.mobilesafe, componentQualifiedNames=[com.phy.mobilesafe.activity.SplashActivity_, com.phy.mobilesafe.activity.HomeActivity_], permissionQualifiedNames=[android.permission.INTERNET, android.permission.WRITE_EXTERNAL_STORAGE], applicationClassName=null, libraryProject=false, debugabble=false, minSdkVersion=14, maxSdkVersion=-1, targetSdkVersion=17]
20:23:45.95 [Worker-99] INFO  o.a.r.ProjectRClassFinder:50 - Found project R class: com.phy.mobilesafe.R
20:23:45.97 [Worker-99] INFO  o.a.r.AndroidRClassFinder:44 - Found Android class: android.R
20:23:45.100 [Worker-99] INFO  o.a.p.ModelValidator:42 - Validating elements
20:23:45.101 [Worker-99] DEBUG o.a.p.ModelValidator:62 - Validating with EActivityHandler: [com.phy.mobilesafe.activity.SplashActivity]
20:23:45.102 [Worker-99] DEBUG o.a.p.ModelValidator:62 - Validating with ViewByIdHandler: [tvVersion]
20:23:45.104 [Worker-99] DEBUG o.a.p.ModelValidator:62 - Validating with AfterViewsHandler: [void ShowAndCheckVersion() ]
20:23:45.105 [Worker-99] INFO  o.a.p.ModelProcessor:74 - Processing root elements
20:23:45.106 [Worker-99] DEBUG o.a.p.ModelProcessor:176 - Processing root elements EActivityHandler: [com.phy.mobilesafe.activity.SplashActivity]
20:23:45.114 [Worker-99] INFO  o.a.p.ModelProcessor:86 - Processing enclosed elements
20:23:45.115 [Worker-99] INFO  o.a.AndroidAnnotationProcessor:249 - Number of files generated by AndroidAnnotations: 1
20:23:45.116 [Worker-99] INFO  o.a.g.ApiCodeGenerator:52 - Writting following API classes in project: []
20:23:45.117 [Worker-99] DEBUG o.a.g.SourceCodewriter:55 - Generating class: com.phy.mobilesafe.activity.SplashActivity_
20:23:45.118 [Worker-99] INFO  o.a.p.TimeStats:81 - Time measurements: [Whole Processing = 26 ms], [Process Annotations = 10 ms], [Find R Classes = 5 ms], [Validate Annotations = 5 ms], [Generate Sources = 3 ms], [Extract Manifest = 2 ms], [Extract Annotations = 0 ms], 
20:23:45.119 [Worker-99] INFO  o.a.AndroidAnnotationProcessor:121 - Finish processing
20:24:28.594 [Worker-99] INFO  o.a.AndroidAnnotationProcessor:83 - Initialize AndroidAnnotations 3.3.2 with options {phase=BUILD}
20:24:28.595 [Worker-99] INFO  o.a.AndroidAnnotationProcessor:107 - Start processing for 3 annotations on 1 elements
20:24:28.596 [Worker-99] DEBUG o.a.h.AndroidManifestFinder:137 - AndroidManifest.xml file found in parent folder E:\Test\MobileSafe: E:\Test\MobileSafe\AndroidManifest.xml
20:24:28.597 [Worker-99] INFO  o.a.AndroidAnnotationProcessor:170 - AndroidManifest.xml found: AndroidManifest [applicationPackage=com.phy.mobilesafe, componentQualifiedNames=[com.phy.mobilesafe.activity.SplashActivity_, com.phy.mobilesafe.activity.HomeActivity_], permissionQualifiedNames=[android.permission.INTERNET, android.permission.WRITE_EXTERNAL_STORAGE], applicationClassName=null, libraryProject=false, debugabble=false, minSdkVersion=14, maxSdkVersion=-1, targetSdkVersion=17]
20:24:28.598 [Worker-99] INFO  o.a.r.ProjectRClassFinder:50 - Found project R class: com.phy.mobilesafe.R
20:24:28.599 [Worker-99] INFO  o.a.r.AndroidRClassFinder:44 - Found Android class: android.R
20:24:28.602 [Worker-99] INFO  o.a.p.ModelValidator:42 - Validating elements
20:24:28.603 [Worker-99] DEBUG o.a.p.ModelValidator:62 - Validating with EActivityHandler: [com.phy.mobilesafe.activity.SplashActivity]
20:24:28.603 [Worker-99] DEBUG o.a.p.ModelValidator:62 - Validating with ViewByIdHandler: [tvVersion]
20:24:28.604 [Worker-99] DEBUG o.a.p.ModelValidator:62 - Validating with AfterViewsHandler: [void ShowAndCheckVersion() ]
20:24:28.605 [Worker-99] INFO  o.a.p.ModelProcessor:74 - Processing root elements
20:24:28.606 [Worker-99] DEBUG o.a.p.ModelProcessor:176 - Processing root elements EActivityHandler: [com.phy.mobilesafe.activity.SplashActivity]
20:24:28.614 [Worker-99] INFO  o.a.p.ModelProcessor:86 - Processing enclosed elements
20:24:28.615 [Worker-99] INFO  o.a.AndroidAnnotationProcessor:249 - Number of files generated by AndroidAnnotations: 1
20:24:28.616 [Worker-99] INFO  o.a.g.ApiCodeGenerator:52 - Writting following API classes in project: []
20:24:28.616 [Worker-99] DEBUG o.a.g.SourceCodewriter:55 - Generating class: com.phy.mobilesafe.activity.SplashActivity_
20:24:28.618 [Worker-99] INFO  o.a.p.TimeStats:81 - Time measurements: [Whole Processing = 23 ms], [Process Annotations = 10 ms], [Find R Classes = 4 ms], [Validate Annotations = 3 ms], [Generate Sources = 3 ms], [Extract Manifest = 2 ms], [Extract Annotations = 0 ms], 
20:24:28.618 [Worker-99] INFO  o.a.AndroidAnnotationProcessor:121 - Finish processing
20:24:41.76 [Worker-93] INFO  o.a.AndroidAnnotationProcessor:83 - Initialize AndroidAnnotations 3.3.2 with options {phase=BUILD}
20:24:41.77 [Worker-93] INFO  o.a.AndroidAnnotationProcessor:107 - Start processing for 3 annotations on 1 elements
20:24:41.78 [Worker-93] DEBUG o.a.h.AndroidManifestFinder:137 - AndroidManifest.xml file found in parent folder E:\Test\MobileSafe: E:\Test\MobileSafe\AndroidManifest.xml
20:24:41.79 [Worker-93] INFO  o.a.AndroidAnnotationProcessor:170 - AndroidManifest.xml found: AndroidManifest [applicationPackage=com.phy.mobilesafe, componentQualifiedNames=[com.phy.mobilesafe.activity.SplashActivity_, com.phy.mobilesafe.activity.HomeActivity_], permissionQualifiedNames=[android.permission.INTERNET, android.permission.WRITE_EXTERNAL_STORAGE], applicationClassName=null, libraryProject=false, debugabble=false, minSdkVersion=14, maxSdkVersion=-1, targetSdkVersion=17]
20:24:41.80 [Worker-93] INFO  o.a.r.ProjectRClassFinder:50 - Found project R class: com.phy.mobilesafe.R
20:24:41.81 [Worker-93] INFO  o.a.r.AndroidRClassFinder:44 - Found Android class: android.R
20:24:41.85 [Worker-93] INFO  o.a.p.ModelValidator:42 - Validating elements
20:24:41.86 [Worker-93] DEBUG o.a.p.ModelValidator:62 - Validating with EActivityHandler: [com.phy.mobilesafe.activity.SplashActivity]
20:24:41.86 [Worker-93] DEBUG o.a.p.ModelValidator:62 - Validating with ViewByIdHandler: [tvVersion]
20:24:41.87 [Worker-93] DEBUG o.a.p.ModelValidator:62 - Validating with AfterViewsHandler: [void ShowAndCheckVersion() ]
20:24:41.88 [Worker-93] INFO  o.a.p.ModelProcessor:74 - Processing root elements
20:24:41.89 [Worker-93] DEBUG o.a.p.ModelProcessor:176 - Processing root elements EActivityHandler: [com.phy.mobilesafe.activity.SplashActivity]
20:24:41.96 [Worker-93] INFO  o.a.p.ModelProcessor:86 - Processing enclosed elements
20:24:41.98 [Worker-93] INFO  o.a.AndroidAnnotationProcessor:249 - Number of files generated by AndroidAnnotations: 1
20:24:41.98 [Worker-93] INFO  o.a.g.ApiCodeGenerator:52 - Writting following API classes in project: []
20:24:41.99 [Worker-93] DEBUG o.a.g.SourceCodewriter:55 - Generating class: com.phy.mobilesafe.activity.SplashActivity_
20:24:41.101 [Worker-93] INFO  o.a.p.TimeStats:81 - Time measurements: [Whole Processing = 24 ms], [Process Annotations = 10 ms], [Find R Classes = 5 ms], [Validate Annotations = 3 ms], [Generate Sources = 3 ms], [Extract Manifest = 1 ms], [Extract Annotations = 0 ms], 
20:24:41.102 [Worker-93] INFO  o.a.AndroidAnnotationProcessor:121 - Finish processing
20:28:23.796 [Worker-100] INFO  o.a.AndroidAnnotationProcessor:83 - Initialize AndroidAnnotations 3.3.2 with options {phase=BUILD}
20:28:23.797 [Worker-100] INFO  o.a.AndroidAnnotationProcessor:107 - Start processing for 3 annotations on 1 elements
20:28:23.798 [Worker-100] DEBUG o.a.h.AndroidManifestFinder:137 - AndroidManifest.xml file found in parent folder E:\Test\MobileSafe: E:\Test\MobileSafe\AndroidManifest.xml
20:28:23.800 [Worker-100] INFO  o.a.AndroidAnnotationProcessor:170 - AndroidManifest.xml found: AndroidManifest [applicationPackage=com.phy.mobilesafe, componentQualifiedNames=[com.phy.mobilesafe.activity.SplashActivity_, com.phy.mobilesafe.activity.HomeActivity_], permissionQualifiedNames=[android.permission.INTERNET, android.permission.WRITE_EXTERNAL_STORAGE], applicationClassName=null, libraryProject=false, debugabble=false, minSdkVersion=14, maxSdkVersion=-1, targetSdkVersion=17]
20:28:23.801 [Worker-100] INFO  o.a.r.ProjectRClassFinder:50 - Found project R class: com.phy.mobilesafe.R
20:28:23.803 [Worker-100] INFO  o.a.r.AndroidRClassFinder:44 - Found Android class: android.R
20:28:23.806 [Worker-100] INFO  o.a.p.ModelValidator:42 - Validating elements
20:28:23.807 [Worker-100] DEBUG o.a.p.ModelValidator:62 - Validating with EActivityHandler: [com.phy.mobilesafe.activity.SplashActivity]
20:28:23.808 [Worker-100] DEBUG o.a.p.ModelValidator:62 - Validating with ViewByIdHandler: [tvVersion]
20:28:23.809 [Worker-100] DEBUG o.a.p.ModelValidator:62 - Validating with AfterViewsHandler: [void ShowAndCheckVersion() ]
20:28:23.810 [Worker-100] INFO  o.a.p.ModelProcessor:74 - Processing root elements
20:28:23.811 [Worker-100] DEBUG o.a.p.ModelProcessor:176 - Processing root elements EActivityHandler: [com.phy.mobilesafe.activity.SplashActivity]
20:28:23.827 [Worker-100] INFO  o.a.p.ModelProcessor:86 - Processing enclosed elements
20:28:23.828 [Worker-100] INFO  o.a.AndroidAnnotationProcessor:249 - Number of files generated by AndroidAnnotations: 1
20:28:23.829 [Worker-100] INFO  o.a.g.ApiCodeGenerator:52 - Writting following API classes in project: []
20:28:23.830 [Worker-100] DEBUG o.a.g.SourceCodewriter:55 - Generating class: com.phy.mobilesafe.activity.SplashActivity_
20:28:23.838 [Worker-100] INFO  o.a.p.TimeStats:81 - Time measurements: [Whole Processing = 41 ms], [Process Annotations = 18 ms], [Generate Sources = 10 ms], [Find R Classes = 6 ms], [Validate Annotations = 4 ms], [Extract Manifest = 2 ms], [Extract Annotations = 0 ms], 
20:28:23.839 [Worker-100] INFO  o.a.AndroidAnnotationProcessor:121 - Finish processing
20:28:27.609 [Worker-102] INFO  o.a.AndroidAnnotationProcessor:83 - Initialize AndroidAnnotations 3.3.2 with options {phase=BUILD}
20:28:27.611 [Worker-102] INFO  o.a.AndroidAnnotationProcessor:107 - Start processing for 3 annotations on 2 elements
20:28:27.612 [Worker-102] DEBUG o.a.h.AndroidManifestFinder:137 - AndroidManifest.xml file found in parent folder E:\Test\MobileSafe: E:\Test\MobileSafe\AndroidManifest.xml
20:28:27.613 [Worker-102] INFO  o.a.AndroidAnnotationProcessor:170 - AndroidManifest.xml found: AndroidManifest [applicationPackage=com.phy.mobilesafe, componentQualifiedNames=[com.phy.mobilesafe.activity.SplashActivity_, com.phy.mobilesafe.activity.HomeActivity_], permissionQualifiedNames=[android.permission.INTERNET, android.permission.WRITE_EXTERNAL_STORAGE], applicationClassName=null, libraryProject=false, debugabble=false, minSdkVersion=14, maxSdkVersion=-1, targetSdkVersion=17]
20:28:27.614 [Worker-102] INFO  o.a.r.ProjectRClassFinder:50 - Found project R class: com.phy.mobilesafe.R
20:28:27.614 [Worker-102] INFO  o.a.r.AndroidRClassFinder:44 - Found Android class: android.R
20:28:27.618 [Worker-102] INFO  o.a.p.ModelValidator:42 - Validating elements
20:28:27.619 [Worker-102] DEBUG o.a.p.ModelValidator:62 - Validating with EActivityHandler: [com.phy.mobilesafe.activity.SplashActivity]
20:28:27.619 [Worker-102] DEBUG o.a.p.ModelValidator:62 - Validating with ViewByIdHandler: [tvVersion]
20:28:27.620 [Worker-102] DEBUG o.a.p.ModelValidator:62 - Validating with AfterViewsHandler: [void ShowAndCheckVersion() ]
20:28:27.621 [Worker-102] INFO  o.a.p.ModelProcessor:74 - Processing root elements
20:28:27.621 [Worker-102] DEBUG o.a.p.ModelProcessor:176 - Processing root elements EActivityHandler: [com.phy.mobilesafe.activity.SplashActivity]
20:28:27.629 [Worker-102] INFO  o.a.p.ModelProcessor:86 - Processing enclosed elements
20:28:27.630 [Worker-102] INFO  o.a.AndroidAnnotationProcessor:249 - Number of files generated by AndroidAnnotations: 1
20:28:27.630 [Worker-102] INFO  o.a.g.ApiCodeGenerator:52 - Writting following API classes in project: []
20:28:27.631 [Worker-102] DEBUG o.a.g.SourceCodewriter:55 - Generating class: com.phy.mobilesafe.activity.SplashActivity_
20:28:27.632 [Worker-102] INFO  o.a.p.TimeStats:81 - Time measurements: [Whole Processing = 21 ms], [Process Annotations = 8 ms], [Find R Classes = 4 ms], [Validate Annotations = 3 ms], [Generate Sources = 3 ms], [Extract Annotations = 1 ms], [Extract Manifest = 1 ms], 
20:28:27.633 [Worker-102] INFO  o.a.AndroidAnnotationProcessor:121 - Finish processing
20:30:55.521 [Worker-101] INFO  o.a.AndroidAnnotationProcessor:83 - Initialize AndroidAnnotations 3.3.2 with options {phase=BUILD}
20:30:55.566 [Worker-101] INFO  o.a.AndroidAnnotationProcessor:107 - Start processing for 3 annotations on 4 elements
20:30:55.568 [Worker-101] DEBUG o.a.h.AndroidManifestFinder:137 - AndroidManifest.xml file found in parent folder E:\Test\MobileSafe: E:\Test\MobileSafe\AndroidManifest.xml
20:30:55.569 [Worker-101] INFO  o.a.AndroidAnnotationProcessor:170 - AndroidManifest.xml found: AndroidManifest [applicationPackage=com.phy.mobilesafe, componentQualifiedNames=[com.phy.mobilesafe.activity.SplashActivity_, com.phy.mobilesafe.activity.HomeActivity_], permissionQualifiedNames=[android.permission.INTERNET, android.permission.WRITE_EXTERNAL_STORAGE], applicationClassName=null, libraryProject=false, debugabble=false, minSdkVersion=14, maxSdkVersion=-1, targetSdkVersion=17]
20:30:55.570 [Worker-101] INFO  o.a.r.ProjectRClassFinder:50 - Found project R class: com.phy.mobilesafe.R
20:30:55.571 [Worker-101] INFO  o.a.r.AndroidRClassFinder:44 - Found Android class: android.R
20:30:55.575 [Worker-101] INFO  o.a.p.ModelValidator:42 - Validating elements
20:30:55.576 [Worker-101] DEBUG o.a.p.ModelValidator:62 - Validating with EActivityHandler: [com.phy.mobilesafe.activity.SplashActivity, com.phy.mobilesafe.activity.HomeActivity]
20:30:55.577 [Worker-101] DEBUG o.a.p.ModelValidator:62 - Validating with ViewByIdHandler: [tvVersion]
20:30:55.578 [Worker-101] DEBUG o.a.p.ModelValidator:62 - Validating with AfterViewsHandler: [void ShowAndCheckVersion() ]
20:30:55.579 [Worker-101] INFO  o.a.p.ModelProcessor:74 - Processing root elements
20:30:55.579 [Worker-101] DEBUG o.a.p.ModelProcessor:176 - Processing root elements EActivityHandler: [com.phy.mobilesafe.activity.SplashActivity, com.phy.mobilesafe.activity.HomeActivity]
20:30:55.587 [Worker-101] INFO  o.a.p.ModelProcessor:86 - Processing enclosed elements
20:30:55.588 [Worker-101] DEBUG o.a.p.ModelProcessor:98 - Processing enclosed elements with ViewByIdHandler: [org.androidannotations.model.AnnotationElements$AnnotatedAndRootElements@425f07]
20:30:55.589 [Worker-101] DEBUG o.a.p.ModelProcessor:98 - Processing enclosed elements with AfterViewsHandler: [org.androidannotations.model.AnnotationElements$AnnotatedAndRootElements@172c504]
20:30:55.590 [Worker-101] INFO  o.a.AndroidAnnotationProcessor:249 - Number of files generated by AndroidAnnotations: 2
20:30:55.590 [Worker-101] INFO  o.a.g.ApiCodeGenerator:52 - Writting following API classes in project: []
20:30:55.591 [Worker-101] DEBUG o.a.g.SourceCodewriter:55 - Generating class: com.phy.mobilesafe.activity.HomeActivity_
20:30:55.592 [Worker-101] DEBUG o.a.g.SourceCodewriter:55 - Generating class: com.phy.mobilesafe.activity.SplashActivity_
20:30:55.594 [Worker-101] INFO  o.a.p.TimeStats:81 - Time measurements: [Whole Processing = 28 ms], [Process Annotations = 11 ms], [Find R Classes = 5 ms], [Validate Annotations = 4 ms], [Generate Sources = 4 ms], [Extract Manifest = 2 ms], [Extract Annotations = 0 ms], 
20:30:55.595 [Worker-101] INFO  o.a.AndroidAnnotationProcessor:121 - Finish processing
20:39:44.540 [Worker-106] INFO  o.a.AndroidAnnotationProcessor:83 - Initialize AndroidAnnotations 3.3.2 with options {phase=BUILD}
20:39:44.542 [Worker-106] INFO  o.a.AndroidAnnotationProcessor:107 - Start processing for 3 annotations on 1 elements
20:39:44.543 [Worker-106] DEBUG o.a.h.AndroidManifestFinder:137 - AndroidManifest.xml file found in parent folder E:\Test\MobileSafe: E:\Test\MobileSafe\AndroidManifest.xml
20:39:44.544 [Worker-106] INFO  o.a.AndroidAnnotationProcessor:170 - AndroidManifest.xml found: AndroidManifest [applicationPackage=com.phy.mobilesafe, componentQualifiedNames=[com.phy.mobilesafe.activity.SplashActivity_, com.phy.mobilesafe.activity.HomeActivity_], permissionQualifiedNames=[android.permission.INTERNET, android.permission.WRITE_EXTERNAL_STORAGE], applicationClassName=null, libraryProject=false, debugabble=false, minSdkVersion=14, maxSdkVersion=-1, targetSdkVersion=17]
20:39:44.545 [Worker-106] INFO  o.a.r.ProjectRClassFinder:50 - Found project R class: com.phy.mobilesafe.R
20:39:44.546 [Worker-106] INFO  o.a.r.AndroidRClassFinder:44 - Found Android class: android.R
20:39:44.550 [Worker-106] INFO  o.a.p.ModelValidator:42 - Validating elements
20:39:44.551 [Worker-106] DEBUG o.a.p.ModelValidator:62 - Validating with EActivityHandler: [com.phy.mobilesafe.activity.SplashActivity]
20:39:44.552 [Worker-106] DEBUG o.a.p.ModelValidator:62 - Validating with ViewByIdHandler: [tvVersion, tvProgress]
20:39:44.553 [Worker-106] DEBUG o.a.p.ModelValidator:62 - Validating with AfterViewsHandler: [void ShowAndCheckVersion() ]
20:39:44.554 [Worker-106] INFO  o.a.p.ModelProcessor:74 - Processing root elements
20:39:44.554 [Worker-106] DEBUG o.a.p.ModelProcessor:176 - Processing root elements EActivityHandler: [com.phy.mobilesafe.activity.SplashActivity]
20:39:44.563 [Worker-106] INFO  o.a.p.ModelProcessor:86 - Processing enclosed elements
20:39:44.564 [Worker-106] INFO  o.a.AndroidAnnotationProcessor:249 - Number of files generated by AndroidAnnotations: 1
20:39:44.565 [Worker-106] INFO  o.a.g.ApiCodeGenerator:52 - Writting following API classes in project: []
20:39:44.565 [Worker-106] DEBUG o.a.g.SourceCodewriter:55 - Generating class: com.phy.mobilesafe.activity.SplashActivity_
20:39:44.580 [Worker-106] INFO  o.a.p.TimeStats:81 - Time measurements: [Whole Processing = 38 ms], [Generate Sources = 16 ms], [Process Annotations = 10 ms], [Find R Classes = 5 ms], [Validate Annotations = 4 ms], [Extract Annotations = 1 ms], [Extract Manifest = 1 ms], 
20:39:44.580 [Worker-106] INFO  o.a.AndroidAnnotationProcessor:121 - Finish processing
20:39:59.485 [Worker-99] INFO  o.a.AndroidAnnotationProcessor:83 - Initialize AndroidAnnotations 3.3.2 with options {phase=BUILD}
20:39:59.487 [Worker-99] INFO  o.a.AndroidAnnotationProcessor:107 - Start processing for 3 annotations on 1 elements
20:39:59.488 [Worker-99] DEBUG o.a.h.AndroidManifestFinder:137 - AndroidManifest.xml file found in parent folder E:\Test\MobileSafe: E:\Test\MobileSafe\AndroidManifest.xml
20:39:59.489 [Worker-99] INFO  o.a.AndroidAnnotationProcessor:170 - AndroidManifest.xml found: AndroidManifest [applicationPackage=com.phy.mobilesafe, componentQualifiedNames=[com.phy.mobilesafe.activity.SplashActivity_, com.phy.mobilesafe.activity.HomeActivity_], permissionQualifiedNames=[android.permission.INTERNET, android.permission.WRITE_EXTERNAL_STORAGE], applicationClassName=null, libraryProject=false, debugabble=false, minSdkVersion=14, maxSdkVersion=-1, targetSdkVersion=17]
20:39:59.490 [Worker-99] INFO  o.a.r.ProjectRClassFinder:50 - Found project R class: com.phy.mobilesafe.R
20:39:59.491 [Worker-99] INFO  o.a.r.AndroidRClassFinder:44 - Found Android class: android.R
20:39:59.494 [Worker-99] INFO  o.a.p.ModelValidator:42 - Validating elements
20:39:59.495 [Worker-99] DEBUG o.a.p.ModelValidator:62 - Validating with EActivityHandler: [com.phy.mobilesafe.activity.SplashActivity]
20:39:59.496 [Worker-99] DEBUG o.a.p.ModelValidator:62 - Validating with ViewByIdHandler: [tvVersion, tvProgress]
20:39:59.497 [Worker-99] DEBUG o.a.p.ModelValidator:62 - Validating with AfterViewsHandler: [void ShowAndCheckVersion() ]
20:39:59.498 [Worker-99] INFO  o.a.p.ModelProcessor:74 - Processing root elements
20:39:59.499 [Worker-99] DEBUG o.a.p.ModelProcessor:176 - Processing root elements EActivityHandler: [com.phy.mobilesafe.activity.SplashActivity]
20:39:59.507 [Worker-99] INFO  o.a.p.ModelProcessor:86 - Processing enclosed elements
20:39:59.508 [Worker-99] INFO  o.a.AndroidAnnotationProcessor:249 - Number of files generated by AndroidAnnotations: 1
20:39:59.509 [Worker-99] INFO  o.a.g.ApiCodeGenerator:52 - Writting following API classes in project: []
20:39:59.509 [Worker-99] DEBUG o.a.g.SourceCodewriter:55 - Generating class: com.phy.mobilesafe.activity.SplashActivity_
20:39:59.511 [Worker-99] INFO  o.a.p.TimeStats:81 - Time measurements: [Whole Processing = 24 ms], [Process Annotations = 10 ms], [Find R Classes = 4 ms], [Validate Annotations = 4 ms], [Generate Sources = 3 ms], [Extract Manifest = 2 ms], [Extract Annotations = 0 ms], 
20:39:59.512 [Worker-99] INFO  o.a.AndroidAnnotationProcessor:121 - Finish processing
20:40:48.378 [Worker-106] INFO  o.a.AndroidAnnotationProcessor:83 - Initialize AndroidAnnotations 3.3.2 with options {phase=BUILD}
20:40:48.379 [Worker-106] INFO  o.a.AndroidAnnotationProcessor:107 - Start processing for 3 annotations on 1 elements
20:40:48.380 [Worker-106] DEBUG o.a.h.AndroidManifestFinder:137 - AndroidManifest.xml file found in parent folder E:\Test\MobileSafe: E:\Test\MobileSafe\AndroidManifest.xml
20:40:48.381 [Worker-106] INFO  o.a.AndroidAnnotationProcessor:170 - AndroidManifest.xml found: AndroidManifest [applicationPackage=com.phy.mobilesafe, componentQualifiedNames=[com.phy.mobilesafe.activity.SplashActivity_, com.phy.mobilesafe.activity.HomeActivity_], permissionQualifiedNames=[android.permission.INTERNET, android.permission.WRITE_EXTERNAL_STORAGE], applicationClassName=null, libraryProject=false, debugabble=false, minSdkVersion=14, maxSdkVersion=-1, targetSdkVersion=17]
20:40:48.382 [Worker-106] INFO  o.a.r.ProjectRClassFinder:50 - Found project R class: com.phy.mobilesafe.R
20:40:48.383 [Worker-106] INFO  o.a.r.AndroidRClassFinder:44 - Found Android class: android.R
20:40:48.402 [Worker-106] INFO  o.a.p.ModelValidator:42 - Validating elements
20:40:48.403 [Worker-106] DEBUG o.a.p.ModelValidator:62 - Validating with EActivityHandler: [com.phy.mobilesafe.activity.SplashActivity]
20:40:48.404 [Worker-106] DEBUG o.a.p.ModelValidator:62 - Validating with ViewByIdHandler: [tvProgress, tvVersion]
20:40:48.405 [Worker-106] DEBUG o.a.p.ModelValidator:62 - Validating with AfterViewsHandler: [void ShowAndCheckVersion() ]
20:40:48.405 [Worker-106] INFO  o.a.p.ModelProcessor:74 - Processing root elements
20:40:48.406 [Worker-106] DEBUG o.a.p.ModelProcessor:176 - Processing root elements EActivityHandler: [com.phy.mobilesafe.activity.SplashActivity]
20:40:48.413 [Worker-106] INFO  o.a.p.ModelProcessor:86 - Processing enclosed elements
20:40:48.414 [Worker-106] INFO  o.a.AndroidAnnotationProcessor:249 - Number of files generated by AndroidAnnotations: 1
20:40:48.415 [Worker-106] INFO  o.a.g.ApiCodeGenerator:52 - Writting following API classes in project: []
20:40:48.416 [Worker-106] DEBUG o.a.g.SourceCodewriter:55 - Generating class: com.phy.mobilesafe.activity.SplashActivity_
20:40:48.423 [Worker-106] INFO  o.a.p.TimeStats:81 - Time measurements: [Whole Processing = 44 ms], [Find R Classes = 20 ms], [Process Annotations = 9 ms], [Generate Sources = 9 ms], [Validate Annotations = 3 ms], [Extract Manifest = 1 ms], [Extract Annotations = 0 ms], 
20:40:48.424 [Worker-106] INFO  o.a.AndroidAnnotationProcessor:121 - Finish processing
20:41:48.830 [Worker-99] INFO  o.a.AndroidAnnotationProcessor:83 - Initialize AndroidAnnotations 3.3.2 with options {phase=BUILD}
20:41:48.831 [Worker-99] INFO  o.a.AndroidAnnotationProcessor:107 - Start processing for 3 annotations on 1 elements
20:41:48.832 [Worker-99] DEBUG o.a.h.AndroidManifestFinder:137 - AndroidManifest.xml file found in parent folder E:\Test\MobileSafe: E:\Test\MobileSafe\AndroidManifest.xml
20:41:48.834 [Worker-99] INFO  o.a.AndroidAnnotationProcessor:170 - AndroidManifest.xml found: AndroidManifest [applicationPackage=com.phy.mobilesafe, componentQualifiedNames=[com.phy.mobilesafe.activity.SplashActivity_, com.phy.mobilesafe.activity.HomeActivity_], permissionQualifiedNames=[android.permission.INTERNET, android.permission.WRITE_EXTERNAL_STORAGE], applicationClassName=null, libraryProject=false, debugabble=false, minSdkVersion=14, maxSdkVersion=-1, targetSdkVersion=17]
20:41:48.835 [Worker-99] INFO  o.a.r.ProjectRClassFinder:50 - Found project R class: com.phy.mobilesafe.R
20:41:48.836 [Worker-99] INFO  o.a.r.AndroidRClassFinder:44 - Found Android class: android.R
20:41:48.840 [Worker-99] INFO  o.a.p.ModelValidator:42 - Validating elements
20:41:48.841 [Worker-99] DEBUG o.a.p.ModelValidator:62 - Validating with EActivityHandler: [com.phy.mobilesafe.activity.SplashActivity]
20:41:48.842 [Worker-99] DEBUG o.a.p.ModelValidator:62 - Validating with ViewByIdHandler: [tvVersion, tvProgress]
20:41:48.844 [Worker-99] DEBUG o.a.p.ModelValidator:62 - Validating with AfterViewsHandler: [void ShowAndCheckVersion() ]
20:41:48.844 [Worker-99] INFO  o.a.p.ModelProcessor:74 - Processing root elements
20:41:48.845 [Worker-99] DEBUG o.a.p.ModelProcessor:176 - Processing root elements EActivityHandler: [com.phy.mobilesafe.activity.SplashActivity]
20:41:48.854 [Worker-99] INFO  o.a.p.ModelProcessor:86 - Processing enclosed elements
20:41:48.855 [Worker-99] INFO  o.a.AndroidAnnotationProcessor:249 - Number of files generated by AndroidAnnotations: 1
20:41:48.856 [Worker-99] INFO  o.a.g.ApiCodeGenerator:52 - Writting following API classes in project: []
20:41:48.857 [Worker-99] DEBUG o.a.g.SourceCodewriter:55 - Generating class: com.phy.mobilesafe.activity.SplashActivity_
20:41:48.859 [Worker-99] INFO  o.a.p.TimeStats:81 - Time measurements: [Whole Processing = 28 ms], [Process Annotations = 11 ms], [Find R Classes = 5 ms], [Validate Annotations = 4 ms], [Generate Sources = 4 ms], [Extract Manifest = 2 ms], [Extract Annotations = 0 ms], 
20:41:48.859 [Worker-99] INFO  o.a.AndroidAnnotationProcessor:121 - Finish processing
20:42:05.159 [Worker-99] INFO  o.a.AndroidAnnotationProcessor:83 - Initialize AndroidAnnotations 3.3.2 with options {phase=BUILD}
20:42:05.160 [Worker-99] INFO  o.a.AndroidAnnotationProcessor:107 - Start processing for 3 annotations on 1 elements
20:42:05.161 [Worker-99] DEBUG o.a.h.AndroidManifestFinder:137 - AndroidManifest.xml file found in parent folder E:\Test\MobileSafe: E:\Test\MobileSafe\AndroidManifest.xml
20:42:05.162 [Worker-99] INFO  o.a.AndroidAnnotationProcessor:170 - AndroidManifest.xml found: AndroidManifest [applicationPackage=com.phy.mobilesafe, componentQualifiedNames=[com.phy.mobilesafe.activity.SplashActivity_, com.phy.mobilesafe.activity.HomeActivity_], permissionQualifiedNames=[android.permission.INTERNET, android.permission.WRITE_EXTERNAL_STORAGE], applicationClassName=null, libraryProject=false, debugabble=false, minSdkVersion=14, maxSdkVersion=-1, targetSdkVersion=17]
20:42:05.163 [Worker-99] INFO  o.a.r.ProjectRClassFinder:50 - Found project R class: com.phy.mobilesafe.R
20:42:05.164 [Worker-99] INFO  o.a.r.AndroidRClassFinder:44 - Found Android class: android.R
20:42:05.167 [Worker-99] INFO  o.a.p.ModelValidator:42 - Validating elements
20:42:05.168 [Worker-99] DEBUG o.a.p.ModelValidator:62 - Validating with EActivityHandler: [com.phy.mobilesafe.activity.SplashActivity]
20:42:05.169 [Worker-99] DEBUG o.a.p.ModelValidator:62 - Validating with ViewByIdHandler: [tvProgress, tvVersion]
20:42:05.170 [Worker-99] DEBUG o.a.p.ModelValidator:62 - Validating with AfterViewsHandler: [void ShowAndCheckVersion() ]
20:42:05.171 [Worker-99] INFO  o.a.p.ModelProcessor:74 - Processing root elements
20:42:05.172 [Worker-99] DEBUG o.a.p.ModelProcessor:176 - Processing root elements EActivityHandler: [com.phy.mobilesafe.activity.SplashActivity]
20:42:05.180 [Worker-99] INFO  o.a.p.ModelProcessor:86 - Processing enclosed elements
20:42:05.181 [Worker-99] INFO  o.a.AndroidAnnotationProcessor:249 - Number of files generated by AndroidAnnotations: 1
20:42:05.182 [Worker-99] INFO  o.a.g.ApiCodeGenerator:52 - Writting following API classes in project: []
20:42:05.182 [Worker-99] DEBUG o.a.g.SourceCodewriter:55 - Generating class: com.phy.mobilesafe.activity.SplashActivity_
20:42:05.184 [Worker-99] INFO  o.a.p.TimeStats:81 - Time measurements: [Whole Processing = 24 ms], [Process Annotations = 10 ms], [Find R Classes = 4 ms], [Validate Annotations = 4 ms], [Generate Sources = 3 ms], [Extract Manifest = 1 ms], [Extract Annotations = 0 ms], 
20:42:05.185 [Worker-99] INFO  o.a.AndroidAnnotationProcessor:121 - Finish processing
